<?xml version="1.0" encoding="UTF-8"?>
<testng-results skipped="0" failed="0" total="4" passed="4">
  <reporter-output>
  </reporter-output>
  <suite name="Suite" duration-ms="4232" started-at="2019-08-14T23:57:21Z" finished-at="2019-08-14T23:57:26Z">
    <groups>
    </groups>
    <test name="Test" duration-ms="4232" started-at="2019-08-14T23:57:21Z" finished-at="2019-08-14T23:57:26Z">
      <class name="TestFramework.basics2">
        <test-method status="PASS" signature="getData()" name="getData" is-config="true" duration-ms="5" started-at="2019-08-14T23:57:21Z" finished-at="2019-08-14T23:57:21Z">
        </test-method>
        <test-method status="PASS" signature="getData()" name="getData" is-config="true" duration-ms="0" started-at="2019-08-14T23:57:21Z" finished-at="2019-08-14T23:57:21Z">
        </test-method>
        <test-method status="PASS" signature="createPlaceAPI()" name="createPlaceAPI" duration-ms="744" started-at="2019-08-14T23:57:23Z" finished-at="2019-08-14T23:57:24Z">
        </test-method>
      </class>
      <class name="TestFramework.basics5">
        <test-method status="PASS" signature="extractingNamesAPI()" name="extractingNamesAPI" duration-ms="389" started-at="2019-08-14T23:57:25Z" finished-at="2019-08-14T23:57:26Z">
        </test-method>
      </class>
      <class name="TestFramework.basics3">
        <test-method status="PASS" signature="AddandDeletePlace()" name="AddandDeletePlace" duration-ms="1638" started-at="2019-08-14T23:57:24Z" finished-at="2019-08-14T23:57:25Z">
        </test-method>
      </class>
      <class name="TestFramework.basics">
        <test-method status="PASS" signature="getPlaceAPI()" name="getPlaceAPI" duration-ms="1453" started-at="2019-08-14T23:57:21Z" finished-at="2019-08-14T23:57:23Z">
        </test-method>
      </class>
    </test>
  </suite>
</testng-results>
