<?xml version="1.0" encoding="UTF-8"?>
<testng-results skipped="0" failed="0" total="1" passed="1">
  <reporter-output>
  </reporter-output>
  <suite name="Default suite" duration-ms="9556" started-at="2019-08-04T18:50:34Z" finished-at="2019-08-04T18:50:44Z">
    <groups>
    </groups>
    <test name="Default test" duration-ms="9556" started-at="2019-08-04T18:50:34Z" finished-at="2019-08-04T18:50:44Z">
      <class name="TestFramework.basics2">
        <test-method status="PASS" signature="getData()" name="getData" is-config="true" duration-ms="6" started-at="2019-08-04T18:50:34Z" finished-at="2019-08-04T18:50:34Z">
        </test-method>
        <test-method status="PASS" signature="createPlaceAPI()" name="createPlaceAPI" duration-ms="9544" started-at="2019-08-04T18:50:34Z" finished-at="2019-08-04T18:50:44Z">
        </test-method>
      </class>
    </test>
  </suite>
</testng-results>
